Build started 6/1/2014 8:26:18 AM.
     1>Project "C:\TinyXml\tinyxml2-master\tinyxml2\tinyxml2.vcxproj" on node 2 (Build target(s)).
     1>ClCompile:
         C:\Program Files\Microsoft Visual Studio 10.0\VC\bin\CL.exe /c /ZI /nologo /W4 /WX- /Od /Oy- /D WIN32 /D TINYXML2_EXPORT /D _DEBUG /D _CONSOLE /D _WINDLL /D _UNICODE /D UNICODE /Gm /EHsc /RTC1 /MDd /GS /fp:precise /Zc:wchar_t /Zc:forScope /Fo"C:\Users\mace707\documents\visual studio 2013\Projects\SleepingSloth\temp\Win32-Debug-Dll\\" /Fd"C:\Users\mace707\documents\visual studio 2013\Projects\SleepingSloth\temp\Win32-Debug-Dll\vc100.pdb" /Gd /TP /analyze- /errorReport:prompt ..\tinyxml2.cpp
         tinyxml2.cpp
       ManifestResourceCompile:
         C:\Program Files\Microsoft SDKs\Windows\v7.0A\bin\rc.exe /nologo /fo"C:\Users\mace707\documents\visual studio 2013\Projects\SleepingSloth\temp\Win32-Debug-Dll\tinyxml2.dll.embed.manifest.res" "C:\Users\mace707\documents\visual studio 2013\Projects\SleepingSloth\temp\Win32-Debug-Dll\tinyxml2_manifest.rc" 
       Link:
         C:\Program Files\Microsoft Visual Studio 10.0\VC\bin\link.exe /ERRORREPORT:PROMPT /OUT:"C:\Users\mace707\documents\visual studio 2013\Projects\SleepingSloth\bin\Win32-Debug-Dll\tinyxml2.dll" /INCREMENTAL /NOLOGO kernel32.lib user32.lib gdi32.lib winspool.lib comdlg32.lib advapi32.lib shell32.lib ole32.lib oleaut32.lib uuid.lib odbc32.lib odbccp32.lib /MANIFEST /ManifestFile:"C:\Users\mace707\documents\visual studio 2013\Projects\SleepingSloth\temp\Win32-Debug-Dll\tinyxml2.dll.intermediate.manifest" /MANIFESTUAC:"level='asInvoker' uiAccess='false'" /DEBUG /PDB:"C:\Users\mace707\documents\visual studio 2013\Projects\SleepingSloth\bin\Win32-Debug-Dll\tinyxml2.pdb" /TLBID:1 /DYNAMICBASE /NXCOMPAT /IMPLIB:"C:\Users\mace707\documents\visual studio 2013\Projects\SleepingSloth\bin\Win32-Debug-Dll\tinyxml2.lib" /MACHINE:X86 /DLL "C:\Users\mace707\documents\visual studio 2013\Projects\SleepingSloth\temp\Win32-Debug-Dll\tinyxml2.dll.embed.manifest.res"
         "C:\Users\mace707\documents\visual studio 2013\Projects\SleepingSloth\temp\Win32-Debug-Dll\tinyxml2.obj"
            Creating library C:\Users\mace707\documents\visual studio 2013\Projects\SleepingSloth\bin\Win32-Debug-Dll\tinyxml2.lib and object C:\Users\mace707\documents\visual studio 2013\Projects\SleepingSloth\bin\Win32-Debug-Dll\tinyxml2.exp
       Manifest:
         C:\Program Files\Microsoft SDKs\Windows\v7.0A\bin\mt.exe /nologo /verbose /out:"C:\Users\mace707\documents\visual studio 2013\Projects\SleepingSloth\temp\Win32-Debug-Dll\tinyxml2.dll.embed.manifest" /manifest "C:\Users\mace707\documents\visual studio 2013\Projects\SleepingSloth\temp\Win32-Debug-Dll\tinyxml2.dll.intermediate.manifest"
         C:\Program Files\Microsoft SDKs\Windows\v7.0A\bin\rc.exe /nologo /fo"C:\Users\mace707\documents\visual studio 2013\Projects\SleepingSloth\temp\Win32-Debug-Dll\tinyxml2.dll.embed.manifest.res" "C:\Users\mace707\documents\visual studio 2013\Projects\SleepingSloth\temp\Win32-Debug-Dll\tinyxml2_manifest.rc" 
       LinkEmbedManifest:
         C:\Program Files\Microsoft Visual Studio 10.0\VC\bin\link.exe /ERRORREPORT:PROMPT /OUT:"C:\Users\mace707\documents\visual studio 2013\Projects\SleepingSloth\bin\Win32-Debug-Dll\tinyxml2.dll" /INCREMENTAL /NOLOGO kernel32.lib user32.lib gdi32.lib winspool.lib comdlg32.lib advapi32.lib shell32.lib ole32.lib oleaut32.lib uuid.lib odbc32.lib odbccp32.lib /MANIFEST /ManifestFile:"C:\Users\mace707\documents\visual studio 2013\Projects\SleepingSloth\temp\Win32-Debug-Dll\tinyxml2.dll.intermediate.manifest" /MANIFESTUAC:"level='asInvoker' uiAccess='false'" /DEBUG /PDB:"C:\Users\mace707\documents\visual studio 2013\Projects\SleepingSloth\bin\Win32-Debug-Dll\tinyxml2.pdb" /TLBID:1 /DYNAMICBASE /NXCOMPAT /IMPLIB:"C:\Users\mace707\documents\visual studio 2013\Projects\SleepingSloth\bin\Win32-Debug-Dll\tinyxml2.lib" /MACHINE:X86 /DLL "C:\Users\mace707\documents\visual studio 2013\Projects\SleepingSloth\temp\Win32-Debug-Dll\tinyxml2.dll.embed.manifest.res"
         "C:\Users\mace707\documents\visual studio 2013\Projects\SleepingSloth\temp\Win32-Debug-Dll\tinyxml2.obj"
            Creating library C:\Users\mace707\documents\visual studio 2013\Projects\SleepingSloth\bin\Win32-Debug-Dll\tinyxml2.lib and object C:\Users\mace707\documents\visual studio 2013\Projects\SleepingSloth\bin\Win32-Debug-Dll\tinyxml2.exp
         tinyxml2.vcxproj -> C:\Users\mace707\documents\visual studio 2013\Projects\SleepingSloth\bin\Win32-Debug-Dll\tinyxml2.dll
     1>Done Building Project "C:\TinyXml\tinyxml2-master\tinyxml2\tinyxml2.vcxproj" (Build target(s)).

Build succeeded.

Time Elapsed 00:00:07.51
