c:\users\mace707\documents\visual studio 2013\projects\sleepingsloth\sleepingsloth\debug\vc120.pdb
c:\users\mace707\documents\visual studio 2013\projects\sleepingsloth\sleepingsloth\debug\vc120.idb
c:\users\mace707\documents\visual studio 2013\projects\sleepingsloth\sleepingsloth\debug\circles.obj
c:\users\mace707\documents\visual studio 2013\projects\sleepingsloth\sleepingsloth\debug\cubes.obj
c:\users\mace707\documents\visual studio 2013\projects\sleepingsloth\sleepingsloth\debug\objectfactory.obj
c:\users\mace707\documents\visual studio 2013\projects\sleepingsloth\sleepingsloth\debug\main.obj
c:\users\mace707\documents\visual studio 2013\projects\sleepingsloth\sleepingsloth\debug\object.obj
c:\users\mace707\documents\visual studio 2013\projects\sleepingsloth\sleepingsloth\debug\objectmorpher.obj
c:\users\mace707\documents\visual studio 2013\projects\sleepingsloth\sleepingsloth\debug\tinyxml2.obj
c:\users\mace707\documents\visual studio 2013\projects\sleepingsloth\sleepingsloth\debug\xmlreader.obj
c:\users\mace707\documents\visual studio 2013\projects\sleepingsloth\sleepingsloth\debug\tinystr.obj
c:\users\mace707\documents\visual studio 2013\projects\sleepingsloth\sleepingsloth\debug\tinyxml.obj
c:\users\mace707\documents\visual studio 2013\projects\sleepingsloth\sleepingsloth\debug\tinyxmlerror.obj
c:\users\mace707\documents\visual studio 2013\projects\sleepingsloth\sleepingsloth\debug\tinyxmlparser.obj
c:\users\mace707\documents\visual studio 2013\projects\sleepingsloth\sleepingsloth\debug\xmlwriter.obj
c:\users\mace707\documents\visual studio 2013\projects\sleepingsloth\sleepingsloth\debug\cones.obj
c:\users\mace707\documents\visual studio 2013\projects\sleepingsloth\sleepingsloth\debug\cylinder.obj
c:\users\mace707\documents\visual studio 2013\projects\sleepingsloth\sleepingsloth\debug\sphere.obj
c:\users\mace707\documents\visual studio 2013\projects\sleepingsloth\sleepingsloth\debug\objectlist.obj
c:\users\mace707\documents\visual studio 2013\projects\sleepingsloth\debug\sleepingsloth.ilk
c:\users\mace707\documents\visual studio 2013\projects\sleepingsloth\debug\sleepingsloth.exe
c:\users\mace707\documents\visual studio 2013\projects\sleepingsloth\debug\sleepingsloth.pdb
c:\users\mace707\documents\visual studio 2013\projects\sleepingsloth\sleepingsloth\debug\sleepingsloth.tlog\cl.command.1.tlog
c:\users\mace707\documents\visual studio 2013\projects\sleepingsloth\sleepingsloth\debug\sleepingsloth.tlog\cl.read.1.tlog
c:\users\mace707\documents\visual studio 2013\projects\sleepingsloth\sleepingsloth\debug\sleepingsloth.tlog\cl.write.1.tlog
c:\users\mace707\documents\visual studio 2013\projects\sleepingsloth\sleepingsloth\debug\sleepingsloth.tlog\link.command.1.tlog
c:\users\mace707\documents\visual studio 2013\projects\sleepingsloth\sleepingsloth\debug\sleepingsloth.tlog\link.read.1.tlog
c:\users\mace707\documents\visual studio 2013\projects\sleepingsloth\sleepingsloth\debug\sleepingsloth.tlog\link.write.1.tlog
